<?xml version="1.0" encoding="UTF-8"?>
<!-- Generated by org.testng.reporters.JUnitReportReporter -->
<testsuite skipped="0" hostname="LAPTOP-TBE98ORM" name="com.qa.tests.SampleTest" tests="1" failures="0" timestamp="26 Jan 2020 17:04:54 GMT" time="0.015" errors="0">
  <testcase name="test" time="0.015" classname="com.qa.tests.SampleTest"/>
</testsuite> <!-- com.qa.tests.SampleTest -->
